<?xml version="1.0" encoding="UTF-8"?>
<!-- Generated by org.testng.reporters.JUnitReportReporter -->
<testsuite hostname="LAPTOP-U74TRLLP" name="com.practice.createcustomer.CreateNewCustomer" tests="1" failures="0" timestamp="6 Apr 2020 10:35:50 GMT" time="10.279" errors="0">
  <testcase name="testCreateNewCustomer" time="10.279" classname="com.practice.createcustomer.CreateNewCustomer"/>
</testsuite> <!-- com.practice.createcustomer.CreateNewCustomer -->
